2019-05-12 01:16:25,763 [1] INFO EstacionControl.PantallaEstacion - ----Iniciando ejecución----
2019-05-12 01:16:26,156 [1] INFO EstacionControl.PantallaEstacion - -----------Hilo Verificar conectividad------
2019-05-12 01:16:49,011 [1] INFO EstacionControl.ConectividadRemota - Conexión establecida
2019-05-12 01:16:49,014 [1] INFO EstacionControl.ConectividadRemota - Conexión establecida
2019-05-12 01:16:49,015 [1] DEBUG EstacionControl.ConectividadRemota - Socket creado
2019-05-12 01:16:49,023 [3] DEBUG EstacionControl.ConectividadRemota - Iniciando recepción de datos en clase ConectividadRemota
2019-05-12 01:16:49,028 [1] INFO EstacionControl.PantallaEstacion - -----------Hilo Dispositivos remotos------
2019-05-12 01:16:49,059 [1] INFO EstacionControl.PantallaEstacion - -----------Hilo Actualizar Controles------
2019-05-12 01:16:49,059 [1] INFO EstacionControl.PantallaEstacion - -----------Hilo conexion con Raspberry------
2019-05-12 01:17:32,416 [1] INFO EstacionControl.ConectividadRemota - Intentando cerrar conexión
2019-05-12 01:17:32,420 [1] INFO EstacionControl.ConectividadRemota - La conexión ha sido cerrada
2019-05-12 01:17:32,420 [1] INFO EstacionControl.ConectividadRemota - Intentando cerrar conexión
2019-05-12 01:17:32,420 [1] INFO EstacionControl.ConectividadRemota - La conexión ha sido cerrada
2019-05-12 01:17:32,425 [1] INFO EstacionControl.PantallaEstacion - ------Hilo actualizarControles abortado
2019-05-12 01:17:32,449 [6] WARN EstacionControl.ControlXBOX - No fue posible enviar la órden del control
2019-05-12 01:17:32,456 [1] INFO EstacionControl.PantallaEstacion - ------Hilo conexionConRaspberry abortado
2019-05-12 01:17:32,480 [1] INFO EstacionControl.PantallaEstacion - ------Hilo dispositivosRemotos abortado
2019-05-12 01:17:32,493 [1] INFO EstacionControl.PantallaEstacion - ------Hilo verifConectividad abortado
2019-05-12 01:17:32,568 [3] INFO EstacionControl.ConectividadRemota - Se detuvo la recepción de datos
2019-05-12 01:20:20,753 [1] INFO EstacionControl.ConectividadRemota - Intentando cerrar conexión
2019-05-12 01:20:20,786 [1] ERROR EstacionControl.ConectividadRemota - Excepción no controlada
2019-05-12 01:20:20,786 [1] INFO EstacionControl.ConectividadRemota - Intentando cerrar conexión
2019-05-12 01:20:20,799 [1] ERROR EstacionControl.ConectividadRemota - Excepción no controlada
